"../../../Engine/Content/Functions/Engine_MaterialFunctions01/Opacity/CameraDepthFade.uasset" 0
"../../../Engine/Content/EngineMaterials/T_Default_Material_Grid_M.uasset" 1
"../../../Engine/Content/EngineMaterials/T_Default_Material_Grid_N.uasset" 2
"../../../Engine/Content/EngineMaterials/WorldGridMaterial.uasset" 3
"../../../Engine/Content/ArtTools/RenderToTexture/Meshes/S_1_Unit_Plane.uasset" 4
"../../../Engine/Content/EngineMaterials/DefaultMaterial.uasset" 5
"../../../Engine/Content/BasicShapes/Cone.uasset" 6
"../../../Engine/Content/BasicShapes/Cube.uasset" 7
"../../../Engine/Content/BasicShapes/Cylinder.uasset" 8
"../../../Engine/Content/BasicShapes/Plane.uasset" 9
"../../../Engine/Content/BasicShapes/Sphere.uasset" 10
"../../../Engine/Content/EditorLandscapeResources/DataLayer.uasset" 11
"../../../Engine/Content/EditorMaterials/GizmoMaterial.uasset" 12
"../../../Engine/Content/EditorMaterials/MAT_Groups_Toggle.uasset" 13
"../../../Engine/Content/EditorMaterials/MAT_Groups_Visibility.uasset" 14
"../../../Engine/Content/EditorMaterials/PreviewShadowIndicator.uasset" 15
"../../../Engine/Content/EditorMaterials/PreviewShadowIndicatorMaterial.uasset" 16
"../../../Engine/Content/EditorMaterials/MatineeGroups/MAT_ColorTrack.uasset" 17
"../../../Engine/Content/EditorMaterials/MatineeGroups/MAT_Groups_Anim.uasset" 18
"../../../Engine/Content/EditorMaterials/MatineeGroups/MAT_Groups_AudioMaster.uasset" 19
"../../../Engine/Content/EditorMaterials/MatineeGroups/MAT_Groups_Director.uasset" 20
"../../../Engine/Content/EditorMaterials/MatineeGroups/MAT_Groups_Event.uasset" 21
"../../../Engine/Content/EditorMaterials/MatineeGroups/MAT_Groups_Fade.uasset" 22
"../../../Engine/Content/EditorMaterials/MatineeGroups/MAT_Groups_Float.uasset" 23
"../../../Engine/Content/EditorMaterials/MatineeGroups/MAT_Groups_Move.uasset" 24
"../../../Engine/Content/EditorMaterials/MatineeGroups/MAT_Groups_Slomo.uasset" 25
"../../../Engine/Content/EditorMaterials/MatineeGroups/MAT_Groups_Sound.uasset" 26
"../../../Engine/Content/EditorMaterials/MatineeGroups/MAT_Groups_Vector.uasset" 27
"../../../Engine/Content/EditorMaterials/ParticleSystems/PSysThumbnail_NoImage.uasset" 28
"../../../Engine/Content/EditorMaterials/ParticleSystems/PSysThumbnail_OOD.uasset" 29
"../../../Engine/Content/EditorMaterials/Camera/CineMat.uasset" 30
"../../../Engine/Content/EditorMaterials/Camera/MI_CineMat_Rig.uasset" 31
"../../../Engine/Content/EditorMeshes/Camera/SM_CraneRig_Arm.uasset" 32
"../../../Engine/Content/EditorMeshes/Camera/SM_CraneRig_Base.uasset" 33
"../../../Engine/Content/EditorMeshes/Camera/SM_CraneRig_Body.uasset" 34
"../../../Engine/Content/EditorMeshes/Camera/SM_CraneRig_Mount.uasset" 35
"../../../Engine/Content/EditorMeshes/Camera/SM_RailRig_Mount.uasset" 36
"../../../Engine/Content/EditorMeshes/Camera/SM_RailRig_Track.uasset" 37
"../../../Engine/Content/EditorResources/BSPVertex.uasset" 38
"../../../Engine/Content/EditorResources/EmptyActor.uasset" 39
"../../../Engine/Content/EditorResources/S_Actor.uasset" 40
"../../../Engine/Content/EditorResources/S_Trigger.uasset" 41
"../../../Engine/Content/EditorResources/AudioIcons/S_AudioComponent_AutoActivate.uasset" 42
"../../../Engine/Content/EditorResources/LightIcons/S_LightError.uasset" 43
"../../../Engine/Content/EditorResources/SequenceRecorder/Countdown.uasset" 44
"../../../Engine/Content/EditorResources/SequenceRecorder/RecordingIndicator.uasset" 45
"../../../Engine/Content/EditorSounds/Notifications/CompileFailed.uasset" 46
"../../../Engine/Content/EditorSounds/Notifications/CompileFailed_Cue.uasset" 47
"../../../Engine/Content/EditorSounds/Notifications/CompileSuccess.uasset" 48
"../../../Engine/Content/EditorSounds/Notifications/CompileStart_Cue.uasset" 49
"../../../Engine/Content/EditorSounds/Notifications/CompileSuccess_Cue.uasset" 50
"../../../Engine/Content/EngineDamageTypes/DmgTypeBP_Environmental.uasset" 51
"../../../Engine/Content/EngineDebugMaterials/HeatmapGradient.uasset" 52
"../../../Engine/Content/EngineDebugMaterials/BoneWeightMaterial.uasset" 53
"../../../Engine/Content/EngineDebugMaterials/ClothMaterial.uasset" 54
"../../../Engine/Content/EngineDebugMaterials/ClothMaterial_WF.uasset" 55
"../../../Engine/Content/EngineDebugMaterials/DebugEditorMaterial.uasset" 56
"../../../Engine/Content/EngineDebugMaterials/DebugMeshMaterial.uasset" 57
"../../../Engine/Content/EngineDebugMaterials/GeomMaterial.uasset" 58
"../../../Engine/Content/EngineDebugMaterials/M_SimpleTranslucent.uasset" 59
"../../../Engine/Content/EngineFonts/Faces/RobotoTiny.uasset" 60
"../../../Engine/Content/EngineFonts/RobotoTiny.uasset" 61
"../../../Engine/Content/EngineMaterials/BaseFlattenDiffuseMap.uasset" 62
"../../../Engine/Content/EngineMaterials/BaseFlattenEmissiveMap.uasset" 63
"../../../Engine/Content/EngineMaterials/BaseFlattenGrayscaleMap.uasset" 64
"../../../Engine/Content/EngineMaterials/BaseFlattenNormalMap.uasset" 65
"../../../Engine/Content/EngineMaterials/BaseFlattenMaterial.uasset" 66
"../../../Engine/Content/EngineMaterials/DefaultBloomKernel.uasset" 67
"../../../Engine/Content/EngineMaterials/DefaultBokeh.uasset" 68
"../../../Engine/Content/EngineMaterials/DefaultDiffuse.uasset" 69
"../../../Engine/Content/EngineMaterials/DefaultDeferredDecalMaterial.uasset" 70
"../../../Engine/Content/EngineMaterials/DefaultLightFunctionMaterial.uasset" 71
"../../../Engine/Content/EngineMaterials/DefaultPhysicalMaterial.uasset" 72
"../../../Engine/Content/Functions/Engine_MaterialFunctions02/Utility/BreakOutFloat2Components.uasset" 73
"../../../Engine/Content/EngineMaterials/DefaultPostProcessMaterial.uasset" 74
"../../../Engine/Content/EngineFonts/RobotoDistanceField.uasset" 75
"../../../Engine/Content/EngineMaterials/DefaultTextMaterialOpaque.uasset" 76
"../../../Engine/Content/EngineMaterials/DefaultWhiteGrid.uasset" 77
"../../../Engine/Content/EngineMaterials/EditorBrushMaterial.uasset" 78
"../../../Engine/Content/EngineMaterials/Good64x64TilingNoiseHighFreq.uasset" 79
"../../../Engine/Content/EngineMaterials/MiniFont.uasset" 80
"../../../Engine/Content/EngineMaterials/InvalidLightmapSettings.uasset" 81
"../../../Engine/Content/EngineMaterials/M_InvalidLightmapSettings.uasset" 82
"../../../Engine/Content/Functions/Engine_MaterialFunctions02/WorldPositionOffset/CameraOffset.uasset" 83
"../../../Engine/Content/EngineMaterials/PhAT_JointLimitMaterial.uasset" 84
"../../../Engine/Content/EngineMaterials/PreintegratedSkinBRDF.uasset" 85
"../../../Engine/Content/EngineMaterials/RemoveSurfaceMaterial.uasset" 86
"../../../Engine/Content/EngineMaterials/WeightMapPlaceholderTexture.uasset" 87
"../../../Engine/Content/EngineResources/WhiteSquareTexture.uasset" 88
"../../../Engine/Content/EngineMaterials/Widget3DPassThrough.uasset" 89
"../../../Engine/Content/EngineMaterials/Widget3DPassThrough_Masked.uasset" 90
"../../../Engine/Content/EngineMaterials/Widget3DPassThrough_Opaque.uasset" 91
"../../../Engine/Content/EngineMaterials/Widget3DPassThrough_Masked_OneSided.uasset" 92
"../../../Engine/Content/EngineMaterials/Widget3DPassThrough_Opaque_OneSided.uasset" 93
"../../../Engine/Content/EngineMaterials/Widget3DPassThrough_Translucent.uasset" 94
"../../../Engine/Content/EngineMaterials/Widget3DPassThrough_Translucent_OneSided.uasset" 95
"../../../Engine/Content/EngineMeshes/Cylinder.uasset" 96
"../../../Engine/Content/EngineMeshes/Sphere.uasset" 97
"../../../Engine/Content/EngineResources/Black.uasset" 98
"../../../Engine/Content/EngineResources/DefaultTextureCube.uasset" 99
"../../../Engine/Content/EngineResources/DefaultVolumeTexture2D.uasset" 100
"../../../Engine/Content/EngineResources/DefaultVolumeTexture.uasset" 101
"../../../Engine/Content/EngineResources/GradientTexture0.uasset" 102
"../../../Engine/Content/EngineSounds/Master.uasset" 103
"../../../Engine/Content/Functions/Engine_MaterialFunctions01/Shading/ConvertFromDiffSpec.uasset" 104
"../../../Engine/Content/Functions/Engine_MaterialFunctions01/Shading/PowerToRoughness.uasset" 105
"../../../Engine/Content/Maps/Templates/Thumbnails/Default.uasset" 106
"../../../Engine/Content/Maps/Templates/Thumbnails/VR-Basic.uasset" 107
"../../../Engine/Content/MobileResources/T_MobileControls_texture.uasset" 108
"../../../Engine/Content/MobileResources/T_MobileMenu2.uasset" 109
"../../../Engine/Content/MobileResources/HUD/AnalogHat.uasset" 110
"../../../Engine/Content/MobileResources/HUD/VirtualJoystick_Background.uasset" 111
"../../../Engine/Content/MobileResources/HUD/VirtualJoystick_Thumb.uasset" 112
"../../../Engine/Content/MobileResources/HUD/DefaultVirtualJoysticks.uasset" 113
"../../../Engine/Content/MobileResources/HUD/LeftVirtualJoystickOnly.uasset" 114
"../../../Engine/Content/MobileResources/HUD/MobileHUDButton1_off.uasset" 115
"../../../Engine/Content/MobileResources/HUD/MobileHUDButton1_on.uasset" 116
"../../../Engine/Content/MobileResources/HUD/MobileHUDButton2_off.uasset" 117
"../../../Engine/Content/MobileResources/HUD/MobileHUDButton2_on.uasset" 118
"../../../Engine/Content/MobileResources/HUD/MobileHUDButton3.uasset" 119
"../../../Engine/Content/MobileResources/HUD/MobileHUDButtonFire.uasset" 120
"../../../Engine/Content/MobileResources/HUD/MobileHUDDirectionPad.uasset" 121
"../../../Engine/Content/MobileResources/HUD/MobileHUDDirectionPad2.uasset" 122
"../../../Engine/Content/MobileResources/HUD/MobileHUDDirectionPad3.uasset" 123
"../../../Engine/Content/MobileResources/HUD/MobileHUDDirectionStick.uasset" 124
"../../../Engine/Content/MobileResources/HUD/T_Castle_ThumbstickInner.uasset" 125
"../../../Engine/Content/MobileResources/HUD/T_Castle_ThumbstickOutter.uasset" 126
"../../../Engine/Content/Tutorial/ContentIntroCurve.uasset" 127
"../../../Engine/Content/VREditor/LaserPointer/VR_LaserPower_01.uasset" 128
"../../../Engine/Content/VREditor/TransformGizmo/TransformGizmoMaterial.uasset" 129
"../../../Engine/Content/VREditor/TransformGizmo/TranslucentTransformGizmoMaterial.uasset" 130
"../../../Engine/Content/VREditor/TransformGizmo/BoundingBoxCorner.uasset" 131
"../../../Engine/Content/VREditor/TransformGizmo/BoundingBoxEdge.uasset" 132
"../../../Engine/Content/VREditor/TransformGizmo/PlaneTranslationHandle.uasset" 133
"../../../Engine/Content/VREditor/TransformGizmo/Main.uasset" 134
"../../../Engine/Content/VREditor/TransformGizmo/Xray.uasset" 135
"../../../Engine/Content/VREditor/TransformGizmo/SM_Sequencer_Key.uasset" 136
"../../../Engine/Content/VREditor/TransformGizmo/SM_Sequencer_Node.uasset" 137
"../../Plugins/2D/Paper2D/Content/PlaceholderTextures/DummySpriteTexture.uasset" 138
"../../Plugins/2D/Paper2D/Content/DummySprite.uasset" 139
"../../Plugins/2D/Paper2D/Content/DefaultPaperTerrainMaterial.uasset" 140
"../../Plugins/2D/Paper2D/Content/DefaultSpriteMaterial.uasset" 141
"../../Plugins/2D/Paper2D/Content/MaskedUnlitSpriteMaterial.uasset" 142
"../../Plugins/2D/Paper2D/Content/OpaqueUnlitSpriteMaterial.uasset" 143
"../../Plugins/Runtime/Oculus/OculusVR/Content/Materials/PokeAHoleMaterial.uasset" 144
"../../Plugins/Runtime/Oculus/OculusVR/Content/Textures/GearVRController_AO.uasset" 145
"../../Plugins/Runtime/Oculus/OculusVR/Content/Textures/GearVRController_Color.uasset" 146
"../../Plugins/Runtime/Oculus/OculusVR/Content/Textures/GearVRController_Normal.uasset" 147
"../../Plugins/Runtime/Oculus/OculusVR/Content/Materials/GearVRControllerMaterial.uasset" 148
"../../Plugins/Runtime/Oculus/OculusVR/Content/Meshes/GearVrController.uasset" 149
"../../Plugins/Runtime/Oculus/OculusVR/Content/Textures/touchController_albedo.uasset" 150
"../../Plugins/Runtime/Oculus/OculusVR/Content/Textures/touchController_controlmap.uasset" 151
"../../Plugins/Runtime/Oculus/OculusVR/Content/Materials/touchController_mat.uasset" 152
"../../Plugins/Runtime/Oculus/OculusVR/Content/Meshes/LeftTouchController.uasset" 153
"../../Plugins/Runtime/Oculus/OculusVR/Content/Meshes/RiftHMD.uasset" 154
"../../Plugins/Runtime/Oculus/OculusVR/Content/Meshes/RightTouchController.uasset" 155
"../../../../../../Users/corne/Documents/Unreal Projects/EvaTTS/Plugins/EvaTTSPlugin/Content/Animations/face_done_Skeleton.uasset" 156
"../../../../../../Users/corne/Documents/Unreal Projects/EvaTTS/Plugins/EvaTTSPlugin/Content/Animations/confusedAnimation.uasset" 157
"../../../../../../Users/corne/Documents/Unreal Projects/EvaTTS/Plugins/EvaTTSPlugin/Content/Animations/eye_normal.uasset" 158
"../../../../../../Users/corne/Documents/Unreal Projects/EvaTTS/Plugins/EvaTTSPlugin/Content/Animations/Eyebrow_left_lower.uasset" 159
"../../../../../../Users/corne/Documents/Unreal Projects/EvaTTS/Plugins/EvaTTSPlugin/Content/Animations/Eyebrow_left_raise.uasset" 160
"../../../../../../Users/corne/Documents/Unreal Projects/EvaTTS/Plugins/EvaTTSPlugin/Content/Animations/eyebrow_mid_lower.uasset" 161
"../../../../../../Users/corne/Documents/Unreal Projects/EvaTTS/Plugins/EvaTTSPlugin/Content/Animations/eyebrow_mid_raise.uasset" 162
"../../../../../../Users/corne/Documents/Unreal Projects/EvaTTS/Plugins/EvaTTSPlugin/Content/Animations/Eyebrow_right_lower.uasset" 163
"../../../../../../Users/corne/Documents/Unreal Projects/EvaTTS/Plugins/EvaTTSPlugin/Content/Animations/Eyebrow_right_raise.uasset" 164
"../../../../../../Users/corne/Documents/Unreal Projects/EvaTTS/Plugins/EvaTTSPlugin/Content/Animations/EyebrowMovement.uasset" 165
"../../../../../../Users/corne/Documents/Unreal Projects/EvaTTS/Plugins/EvaTTSPlugin/Content/Animations/eye_down.uasset" 166
"../../../../../../Users/corne/Documents/Unreal Projects/EvaTTS/Plugins/EvaTTSPlugin/Content/Animations/eye_left.uasset" 167
"../../../../../../Users/corne/Documents/Unreal Projects/EvaTTS/Plugins/EvaTTSPlugin/Content/Animations/eye_right.uasset" 168
"../../../../../../Users/corne/Documents/Unreal Projects/EvaTTS/Plugins/EvaTTSPlugin/Content/Animations/eye_up.uasset" 169
"../../../../../../Users/corne/Documents/Unreal Projects/EvaTTS/Plugins/EvaTTSPlugin/Content/Animations/EyeMovement.uasset" 170
"../../../../../../Users/corne/Documents/Unreal Projects/EvaTTS/Plugins/EvaTTSPlugin/Content/Animations/eye_close.uasset" 171
"../../../../../../Users/corne/Documents/Unreal Projects/EvaTTS/Plugins/EvaTTSPlugin/Content/Animations/eye_open.uasset" 172
"../../../../../../Users/corne/Documents/Unreal Projects/EvaTTS/Plugins/EvaTTSPlugin/Content/Animations/Eye_open_close.uasset" 173
"../../../../../../Users/corne/Documents/Unreal Projects/EvaTTS/Plugins/EvaTTSPlugin/Content/Animations/Look_Down.uasset" 174
"../../../../../../Users/corne/Documents/Unreal Projects/EvaTTS/Plugins/EvaTTSPlugin/Content/Animations/Look_Left.uasset" 175
"../../../../../../Users/corne/Documents/Unreal Projects/EvaTTS/Plugins/EvaTTSPlugin/Content/Animations/Look_Right.uasset" 176
"../../../../../../Users/corne/Documents/Unreal Projects/EvaTTS/Plugins/EvaTTSPlugin/Content/Animations/Look_up.uasset" 177
"../../../../../../Users/corne/Documents/Unreal Projects/EvaTTS/Plugins/EvaTTSPlugin/Content/Animations/HeadMovement.uasset" 178
"../../../../../../Users/corne/Documents/Unreal Projects/EvaTTS/Plugins/EvaTTSPlugin/Content/Animations/Mad.uasset" 179
"../../../../../../Users/corne/Documents/Unreal Projects/EvaTTS/Plugins/EvaTTSPlugin/Content/Animations/Suprised.uasset" 180
"../../../../../../Users/corne/Documents/Unreal Projects/EvaTTS/Plugins/EvaTTSPlugin/Content/Animations/MadExcited.uasset" 181
"../../../../../../Users/corne/Documents/Unreal Projects/EvaTTS/Plugins/EvaTTSPlugin/Content/Animations/A_a_e_I.uasset" 182
"../../../../../../Users/corne/Documents/Unreal Projects/EvaTTS/Plugins/EvaTTSPlugin/Content/Animations/l.uasset" 183
"../../../../../../Users/corne/Documents/Unreal Projects/EvaTTS/Plugins/EvaTTSPlugin/Content/Animations/o.uasset" 184
"../../../../../../Users/corne/Documents/Unreal Projects/EvaTTS/Plugins/EvaTTSPlugin/Content/Animations/oo.uasset" 185
"../../../../../../Users/corne/Documents/Unreal Projects/EvaTTS/Plugins/EvaTTSPlugin/Content/Animations/u_h.uasset" 186
"../../../../../../Users/corne/Documents/Unreal Projects/EvaTTS/Plugins/EvaTTSPlugin/Content/Animations/NewBlendSpace.uasset" 187
"../../../Engine/Content/EngineFonts/Faces/RobotoBold.uasset" 188
"../../../Engine/Content/EngineFonts/Faces/RobotoBoldItalic.uasset" 189
"../../../Engine/Content/EngineFonts/Faces/RobotoItalic.uasset" 190
"../../../Engine/Content/EngineFonts/Faces/RobotoLight.uasset" 191
"../../../Engine/Content/EngineFonts/Faces/RobotoRegular.uasset" 192
"../../../Engine/Content/EngineFonts/Roboto.uasset" 193
"../../../../../../Users/corne/Documents/Unreal Projects/EvaTTS/Plugins/EvaTTSPlugin/Content/Animations/2ndIdle.uasset" 194
"../../../../../../Users/corne/Documents/Unreal Projects/EvaTTS/Plugins/EvaTTSPlugin/Content/Animations/C_s_x_z.uasset" 195
"../../../../../../Users/corne/Documents/Unreal Projects/EvaTTS/Plugins/EvaTTSPlugin/Content/Animations/ch_g_j.uasset" 196
"../../../../../../Users/corne/Documents/Unreal Projects/EvaTTS/Plugins/EvaTTSPlugin/Content/Animations/d_t_n.uasset" 197
"../../../../../../Users/corne/Documents/Unreal Projects/EvaTTS/Plugins/EvaTTSPlugin/Content/Animations/E_i_y.uasset" 198
"../../../../../../Users/corne/Documents/Unreal Projects/EvaTTS/Plugins/EvaTTSPlugin/Content/Animations/f_v.uasset" 199
"../../../../../../Users/corne/Documents/Unreal Projects/EvaTTS/Plugins/EvaTTSPlugin/Content/Animations/idle_animation.uasset" 200
"../../../../../../Users/corne/Documents/Unreal Projects/EvaTTS/Plugins/EvaTTSPlugin/Content/Animations/k_c.uasset" 201
"../../../../../../Users/corne/Documents/Unreal Projects/EvaTTS/Plugins/EvaTTSPlugin/Content/Animations/m_b_p.uasset" 202
"../../../../../../Users/corne/Documents/Unreal Projects/EvaTTS/Plugins/EvaTTSPlugin/Content/Animations/r.uasset" 203
"../../../../../../Users/corne/Documents/Unreal Projects/EvaTTS/Plugins/EvaTTSPlugin/Content/Animations/sh.uasset" 204
"../../../../../../Users/corne/Documents/Unreal Projects/EvaTTS/Plugins/EvaTTSPlugin/Content/Animations/speaking_idle.uasset" 205
"../../../../../../Users/corne/Documents/Unreal Projects/EvaTTS/Plugins/EvaTTSPlugin/Content/Animations/speaking_idle_end.uasset" 206
"../../../../../../Users/corne/Documents/Unreal Projects/EvaTTS/Plugins/EvaTTSPlugin/Content/Animations/speaking_idle_start.uasset" 207
"../../../../../../Users/corne/Documents/Unreal Projects/EvaTTS/Plugins/EvaTTSPlugin/Content/Animations/th.uasset" 208
"../../../../../../Users/corne/Documents/Unreal Projects/EvaTTS/Plugins/EvaTTSPlugin/Content/Animations/w_q.uasset" 209
"../../../../../../Users/corne/Documents/Unreal Projects/EvaTTS/Plugins/EvaTTSPlugin/Content/Animations/phonemesblends.uasset" 210
"../../../Engine/Content/EditorBlueprintResources/StandardMacros.uasset" 211
"../../../../../../Users/corne/Documents/Unreal Projects/EvaTTS/Plugins/EvaTTSPlugin/Content/Structures/PhonemeDurationStruct.uasset" 212
"../../../../../../Users/corne/Documents/Unreal Projects/EvaTTS/Plugins/EvaTTSPlugin/Content/Animations/TalkingAnimationBP.uasset" 213
"../../../../../../Users/corne/Documents/Unreal Projects/EvaTTS/Plugins/EvaTTSPlugin/Content/Structures/JSONSoundIndex.uasset" 214
"../../../../../../Users/corne/Documents/Unreal Projects/EvaTTS/Plugins/EvaTTSPlugin/Content/Blueprints/PlayerControllerEva.uasset" 215
"../../../../../../Users/corne/Documents/Unreal Projects/EvaTTS/Plugins/EvaTTSPlugin/Content/Structures/EvaGameEvent.uasset" 216
"../../../../../../Users/corne/Documents/Unreal Projects/EvaTTS/Plugins/EvaTTSPlugin/Content/Structures/SignalEventStructure.uasset" 217
"../../../../../../Users/corne/Documents/Unreal Projects/EvaTTS/Plugins/EvaTTSPlugin/Content/EvaTTSResources/Demo12.uasset" 218
"../../../../../../Users/corne/Documents/Unreal Projects/EvaTTS/Plugins/EvaTTSPlugin/Content/EvaTTSResources/Eva-TTS-SpeechSynthesisIntroduction.uasset" 219
"../../../../../../Users/corne/Documents/Unreal Projects/EvaTTS/Plugins/EvaTTSPlugin/Content/EvaTTSResources/TTS-BY-NOW-YOU10212018214450.uasset" 220
"../../../../../../Users/corne/Documents/Unreal Projects/EvaTTS/Plugins/EvaTTSPlugin/Content/EvaTTSResources/TTS-FOR-SPECIA1021201821404.uasset" 221
"../../../../../../Users/corne/Documents/Unreal Projects/EvaTTS/Plugins/EvaTTSPlugin/Content/EvaTTSResources/TTS-OR-YOU-CAN10212018213339.uasset" 222
"../../../../../../Users/corne/Documents/Unreal Projects/EvaTTS/Plugins/EvaTTSPlugin/Content/EvaTTSResources/TTS-USE-THE-CO1021201821350.uasset" 223
"../../../../../../Users/corne/Documents/Unreal Projects/EvaTTS/Plugins/EvaTTSPlugin/Content/EvaTTSResources/TTS-WHEN-YOU-S10212018214331.uasset" 224
"../../../../../../Users/corne/Documents/Unreal Projects/EvaTTS/Plugins/EvaTTSPlugin/Content/EvaTTSResources/TTS-YOU-CAN-AL10212018213647.uasset" 225
"../../../../../../Users/corne/Documents/Unreal Projects/EvaTTS/Plugins/EvaTTSPlugin/Content/EvaTTSResources/TTS-YOU-CAN-EV10212018214056.uasset" 226
"../../../../../../Users/corne/Documents/Unreal Projects/EvaTTS/Plugins/EvaTTSPlugin/Content/EvaTTSResources/TTS-YOU-CAN-US10212018213743.uasset" 227
"../../../../../../Users/corne/Documents/Unreal Projects/EvaTTS/Plugins/EvaTTSPlugin/Content/EvaTTSResources/SoundDemo1.uasset" 228
"../../../../../../Users/corne/Documents/Unreal Projects/EvaTTS/Plugins/EvaTTSPlugin/Content/EvaTTSResources/TTS-I-CAN-SAY-10252018171654.uasset" 229
"../../../../../../Users/corne/Documents/Unreal Projects/EvaTTS/Plugins/EvaTTSPlugin/Content/EvaTTSResources/TTS-THIS-IS-EV10252018164820.uasset" 230
"../../../../../../Users/corne/Documents/Unreal Projects/EvaTTS/Plugins/EvaTTSPlugin/Content/EvaTTSResources/SoundIndex.uasset" 231
"../../../Engine/Content/Functions/Engine_MaterialFunctions01/Density/ExponentialDensity.uasset" 232
"../../../Engine/Content/Functions/Engine_MaterialFunctions01/Gradient/RadialGradientExponential.uasset" 233
"../../../../../../Users/corne/Documents/Unreal Projects/EvaTTS/Plugins/EvaTTSPlugin/Content/Materials/DustMaterial.uasset" 234
"../../../../../../Users/corne/Documents/Unreal Projects/EvaTTS/Plugins/EvaTTSPlugin/Content/Particles/PS_Dust.uasset" 235
"../../../Engine/Content/Functions/Engine_MaterialFunctions01/Gradient/RadialGradient.uasset" 236
"../../../../../../Users/corne/Documents/Unreal Projects/EvaTTS/Plugins/EvaTTSPlugin/Content/Materials/BlueSoftMaterial.uasset" 237
"../../../../../../Users/corne/Documents/Unreal Projects/EvaTTS/Plugins/EvaTTSPlugin/Content/Particles/PS_Orbiting.uasset" 238
"../../../../../../Users/corne/Documents/Unreal Projects/EvaTTS/Plugins/EvaTTSPlugin/Content/Materials/RainMaterial.uasset" 239
"../../../../../../Users/corne/Documents/Unreal Projects/EvaTTS/Plugins/EvaTTSPlugin/Content/Particles/PS_Rain.uasset" 240
"../../../../../../Users/corne/Documents/Unreal Projects/EvaTTS/Plugins/EvaTTSPlugin/Content/Materials/BluePixelMaterial.uasset" 241
"../../../../../../Users/corne/Documents/Unreal Projects/EvaTTS/Plugins/EvaTTSPlugin/Content/Particles/PS_Rising.uasset" 242
"../../../../../../Users/corne/Documents/Unreal Projects/EvaTTS/Plugins/EvaTTSPlugin/Content/Blueprints/GameModeEVATTS.uasset" 243
"../../../../../../Users/corne/Documents/Unreal Projects/EvaTTS/Plugins/EvaTTSPlugin/Content/Structures/AnimationStruct.uasset" 244
"../../../../../../Users/corne/Documents/Unreal Projects/EvaTTS/Plugins/EvaTTSPlugin/Content/Structures/BlendSpaceCoordinatesStruct.uasset" 245
"../../../../../../Users/corne/Documents/Unreal Projects/EvaTTS/Plugins/EvaTTSPlugin/Content/Structures/BlendSpaceCoordinatesTable.uasset" 246
"../../../../../../Users/corne/Documents/Unreal Projects/EvaTTS/Plugins/EvaTTSPlugin/Content/Structures/CMUDictionaryRecord.uasset" 247
"../../../../../../Users/corne/Documents/Unreal Projects/EvaTTS/Plugins/EvaTTSPlugin/Content/Structures/CMUDictionary.uasset" 248
"../../../Engine/Content/Functions/Engine_MaterialFunctions02/Fresnel_Function.uasset" 249
"../../../Engine/Content/Functions/Engine_MaterialFunctions02/ObjectLocalBounds.uasset" 250
"../../../Engine/Content/Functions/Engine_MaterialFunctions02/Utility/BreakOutFloat3Components.uasset" 251
"../../../Engine/Content/Functions/Engine_MaterialFunctions02/UVs/BoundingBoxBased_0-1_UVW.uasset" 252
"../../../Engine/Content/EngineMaterials/BlendFunc_DefBase.uasset" 253
"../../../Engine/Content/EngineMaterials/BlendFunc_DefBlend.uasset" 254
"../../../Engine/Content/Functions/Engine_MaterialFunctions03/Blends/Blend_Overlay.uasset" 255
"../../../../../../Users/corne/Documents/Unreal Projects/EvaTTS/Plugins/EvaTTSPlugin/Content/Skins/MF_Dissolve.uasset" 256
"../../../Engine/Content/EditorMaterials/WidgetGridVertexColorMaterial.uasset" 257
"../../../Engine/Content/Engine_MI_Shaders/T_Base_Tile_DetailNormal.uasset" 258
"../../../Engine/Content/Functions/Engine_MaterialFunctions02/ExampleContent/Textures/water_d.uasset" 259
"../../../Engine/Content/MapTemplates/Sky/T_UDK_Sky_CloudMask01_N.uasset" 260
"../../../Engine/Content/MapTemplates/TilingNoise05.uasset" 261
"../../../../../../Users/corne/Documents/Unreal Projects/EvaTTS/Plugins/EvaTTSPlugin/Content/Skins/TX_BlueFlowing.uasset" 262
"../../../../../../Users/corne/Documents/Unreal Projects/EvaTTS/Plugins/EvaTTSPlugin/Content/Skins/TX_BlueHologram1.uasset" 263
"../../../../../../Users/corne/Documents/Unreal Projects/EvaTTS/Plugins/EvaTTSPlugin/Content/Skins/TX_BlueHologram2.uasset" 264
"../../../Engine/Content/EditorMaterials/T_1x1_Grid.uasset" 265
"../../../Engine/Content/Functions/Engine_MaterialFunctions02/ExampleContent/Textures/LowResBlurredNoise.uasset" 266
"../../../../../../Users/corne/Documents/Unreal Projects/EvaTTS/Plugins/EvaTTSPlugin/Content/Skins/TX_GreenHologram.uasset" 267
"../../../Engine/Content/Engine_MI_Shaders/T_Base_Tile_Diffuse.uasset" 268
"../../../Engine/Content/EngineSky/T_Sky_Stars.uasset" 269
"../../../../../../Users/corne/Documents/Unreal Projects/EvaTTS/Plugins/EvaTTSPlugin/Content/Skins/TX_Marble.uasset" 270
"../../../../../../Users/corne/Documents/Unreal Projects/EvaTTS/Plugins/EvaTTSPlugin/Content/Skins/TX_Metalic.uasset" 271
"../../../../../../Users/corne/Documents/Unreal Projects/EvaTTS/Plugins/EvaTTSPlugin/Content/Skins/TX_MetalicHologram.uasset" 272
"../../../../../../Users/corne/Documents/Unreal Projects/EvaTTS/Plugins/EvaTTSPlugin/Content/Skins/TX_Plastic.uasset" 273
"../../../../../../Users/corne/Documents/Unreal Projects/EvaTTS/Plugins/EvaTTSPlugin/Content/Skins/TX_RedFlowing.uasset" 274
"../../../../../../Users/corne/Documents/Unreal Projects/EvaTTS/Plugins/EvaTTSPlugin/Content/Skins/TX_Stone.uasset" 275
"../../../../../../Users/corne/Documents/Unreal Projects/EvaTTS/Plugins/EvaTTSPlugin/Content/Blueprints/UI/BarGraphElement.uasset" 276
"../../../../../../Users/corne/Documents/Unreal Projects/EvaTTS/Plugins/EvaTTSPlugin/Content/Blueprints/UI/DurationText.uasset" 277
"../../../../../../Users/corne/Documents/Unreal Projects/EvaTTS/Plugins/EvaTTSPlugin/Content/Blueprints/UI/DurationTextDrag.uasset" 278
"../../../../../../Users/corne/Documents/Unreal Projects/EvaTTS/Plugins/EvaTTSPlugin/Content/Textures/Selector2.uasset" 279
"../../../../../../Users/corne/Documents/Unreal Projects/EvaTTS/Plugins/EvaTTSPlugin/Content/Blueprints/UI/SelectorPhonemeWidget.uasset" 280
"../../../../../../Users/corne/Documents/Unreal Projects/EvaTTS/Plugins/EvaTTSPlugin/Content/Textures/Selector.uasset" 281
"../../../../../../Users/corne/Documents/Unreal Projects/EvaTTS/Plugins/EvaTTSPlugin/Content/Blueprints/UI/MultiScrollWidget.uasset" 282
"../../../../../../Users/corne/Documents/Unreal Projects/EvaTTS/Plugins/EvaTTSPlugin/Content/Blueprints/EvaTTSPluginActorComponentBP.uasset" 283
"../../../../../../Users/corne/Documents/Unreal Projects/EvaTTS/Plugins/EvaTTSPlugin/Content/Blueprints/UI/ColorDot.uasset" 284
"../../../../../../Users/corne/Documents/Unreal Projects/EvaTTS/Plugins/EvaTTSPlugin/Content/Blueprints/UI/ColorSelector.uasset" 285
"../../../../../../Users/corne/Documents/Unreal Projects/EvaTTS/Plugins/EvaTTSPlugin/Content/Blueprints/SaveConfigBP.uasset" 286
"../../../../../../Users/corne/Documents/Unreal Projects/EvaTTS/Plugins/EvaTTSPlugin/Content/Blueprints/SaveProjectBP.uasset" 287
"../../../../../../Users/corne/Documents/Unreal Projects/EvaTTS/Plugins/EvaTTSPlugin/Content/Blueprints/UI/LoadSlot.uasset" 288
"../../../../../../Users/corne/Documents/Unreal Projects/EvaTTS/Plugins/EvaTTSPlugin/Content/Textures/CloseWindow.uasset" 289
"../../../../../../Users/corne/Documents/Unreal Projects/EvaTTS/Plugins/EvaTTSPlugin/Content/Textures/Demo.uasset" 290
"../../../../../../Users/corne/Documents/Unreal Projects/EvaTTS/Plugins/EvaTTSPlugin/Content/Textures/Paint-icon.uasset" 291
"../../../../../../Users/corne/Documents/Unreal Projects/EvaTTS/Plugins/EvaTTSPlugin/Content/Textures/play-button-white.uasset" 292
"../../../../../../Users/corne/Documents/Unreal Projects/EvaTTS/Plugins/EvaTTSPlugin/Content/Textures/T_Border.uasset" 293
"../../../../../../Users/corne/Documents/Unreal Projects/EvaTTS/Plugins/EvaTTSPlugin/Content/Textures/T_Border2.uasset" 294
"../../../../../../Users/corne/Documents/Unreal Projects/EvaTTS/Plugins/EvaTTSPlugin/Content/Textures/T_Edit.uasset" 295
"../../../../../../Users/corne/Documents/Unreal Projects/EvaTTS/Plugins/EvaTTSPlugin/Content/Textures/T_Graph.uasset" 296
"../../../../../../Users/corne/Documents/Unreal Projects/EvaTTS/Plugins/EvaTTSPlugin/Content/Textures/T_Help.uasset" 297
"../../../../../../Users/corne/Documents/Unreal Projects/EvaTTS/Plugins/EvaTTSPlugin/Content/Textures/T_Open.uasset" 298
"../../../../../../Users/corne/Documents/Unreal Projects/EvaTTS/Plugins/EvaTTSPlugin/Content/Textures/T_Save.uasset" 299
"../../../../../../Users/corne/Documents/Unreal Projects/EvaTTS/Plugins/EvaTTSPlugin/Content/Textures/T_ToggleSimulation.uasset" 300
"../../../../../../Users/corne/Documents/Unreal Projects/EvaTTS/Plugins/EvaTTSPlugin/Content/Blueprints/UI/DropDownMenu.uasset" 301
"../../../../../../Users/corne/Documents/Unreal Projects/EvaTTS/Plugins/EvaTTSPlugin/Content/Textures/ColorMenu.uasset" 302
"../../../../../../Users/corne/Documents/Unreal Projects/EvaTTS/Plugins/EvaTTSPlugin/Content/Textures/ColorMenu_Sprite.uasset" 303
"../../../../../../Users/corne/Documents/Unreal Projects/EvaTTS/Plugins/EvaTTSPlugin/Content/Blueprints/UI/EvaHudTTS.uasset" 304
"../../../../../../Users/corne/Documents/Unreal Projects/EvaTTS/Plugins/EvaTTSPlugin/Content/Blueprints/UI/AssetFileLocation.uasset" 305
"../../../../../../Users/corne/Documents/Unreal Projects/EvaTTS/Plugins/EvaTTSPlugin/Content/Blueprints/UI/ColorWidget.uasset" 306
"../../../../../../Users/corne/Documents/Unreal Projects/EvaTTS/Plugins/EvaTTSPlugin/Content/EvaTTSResources/MedicalCondition.uasset" 307
"../../../../../../Users/corne/Documents/Unreal Projects/EvaTTS/Plugins/EvaTTSPlugin/Content/EvaTTSResources/ThisisEva-IAmReadyToAssistYou.uasset" 308
"../../../../../../Users/corne/Documents/Unreal Projects/EvaTTS/Plugins/EvaTTSPlugin/Content/EvaTTSResources/TTS-THIS-IS-EV10252018134137.uasset" 309
"../../../../../../Users/corne/Documents/Unreal Projects/EvaTTS/Plugins/EvaTTSPlugin/Content/EvaTTSResources/TTS-WHAT-DO-YO1023201810533.uasset" 310
"../../../../../../Users/corne/Documents/Unreal Projects/EvaTTS/Plugins/EvaTTSPlugin/Content/EvaTTSResources/TTS-WHAT-DO-YO10232018203141.uasset" 311
"../../../../../../Users/corne/Documents/Unreal Projects/EvaTTS/Plugins/EvaTTSPlugin/Content/Materials/01_-_Default.uasset" 312
"../../../../../../Users/corne/Documents/Unreal Projects/EvaTTS/Plugins/EvaTTSPlugin/Content/Materials/GreenPixelMaterial.uasset" 313
"../../../../../../Users/corne/Documents/Unreal Projects/EvaTTS/Plugins/EvaTTSPlugin/Content/Materials/GreenSoftMaterial.uasset" 314
"../../../../../../Users/corne/Documents/Unreal Projects/EvaTTS/Plugins/EvaTTSPlugin/Content/Materials/NewMaterial.uasset" 315
"../../../../../../Users/corne/Documents/Unreal Projects/EvaTTS/Plugins/EvaTTSPlugin/Content/Materials/NewMaterial1.uasset" 316
"../../../../../../Users/corne/Documents/Unreal Projects/EvaTTS/Plugins/EvaTTSPlugin/Content/Skins/M_Dissolve.uasset" 317
"../../../Engine/Content/EngineMaterials/T_Default_MacroVariation.uasset" 318
"../../../../../../Users/corne/Documents/Unreal Projects/EvaTTS/Plugins/EvaTTSPlugin/Content/Skins/M_Dissolve_Inst.uasset" 319
"../../../Engine/Content/EngineResources/DefaultTexture.uasset" 320
"../../../../../../Users/corne/Documents/Unreal Projects/EvaTTS/Plugins/EvaTTSPlugin/Content/Skins/TX_BlueHologram1_Inst.uasset" 321
"../../../../../../Users/corne/Documents/Unreal Projects/EvaTTS/Plugins/EvaTTSPlugin/Content/Structures/SoundIndex.uasset" 322
"../../../../../../Users/corne/Documents/Unreal Projects/EvaTTS/Plugins/EvaTTSPlugin/Content/Textures/Selector_Sprite.uasset" 323
"../../../../../../Users/corne/Documents/Unreal Projects/EvaTTS/Plugins/EvaTTSPlugin/Content/Textures/T_Move.uasset" 324
"../../../../../../Users/corne/Documents/Unreal Projects/EvaTTS/Plugins/EvaTTSPlugin/Content/Textures/T_Rotate.uasset" 325
"../../../../../../Users/corne/Documents/Unreal Projects/EvaTTS/Plugins/EvaTTSPlugin/Content/Textures/T_Select.uasset" 326
"../../../../../../Users/corne/Documents/Unreal Projects/EvaTTS/Plugins/EvaTTSPlugin/Content/Textures/T_Snap.uasset" 327
"../../../../../../Users/corne/Documents/Unreal Projects/EvaTTS/Plugins/EvaTTSPlugin/Content/Textures/T_Tag.uasset" 328
"../../../../../../Users/corne/Documents/Unreal Projects/EvaTTS/Plugins/EvaTTSPlugin/Content/Skins/TX_Plastic_Inst.uasset" 329
"../../../../../../Users/corne/Documents/Unreal Projects/EvaTTS/Plugins/EvaTTSPlugin/Content/Animations/face_done_PhysicsAsset.uasset" 330
"../../../../../../Users/corne/Documents/Unreal Projects/EvaTTS/Plugins/EvaTTSPlugin/Content/Animations/face_done.uasset" 331
"../../../../../../Users/corne/Documents/Unreal Projects/EvaTTS/Plugins/EvaTTSPlugin/Content/Blueprints/EvaTTSActorBP.uasset" 332
"../../../../../../Users/corne/Documents/Unreal Projects/EvaTTS/Plugins/EvaTTSPlugin/Content/Maps/EvaTTS_BuiltData.uasset" 333
"../../../Engine/Content/MapTemplates/Sky/DaylightAmbientCubemap.uasset" 334
"../../../Engine/Content/MapTemplates/Sky/M_Procedural_Sky_MASTER_UE4.uasset" 335
"../../../Engine/Content/MapTemplates/Sky/SunsetAmbientCubemap.uasset" 336
"../../../Engine/Content/MapTemplates/Sky/M_Procedural_Sky_Morning_UE4.uasset" 337
"../../../Engine/Content/MapTemplates/Sky/T_Sky_Stars.uasset" 338
"../../../Engine/Content/MapTemplates/T_UDK_Sky_CloudMask03.uasset" 339
"../../../Engine/Content/MapTemplates/Sky/M_Procedural_Sky_MASTER02.uasset" 340
"../../../Engine/Content/MapTemplates/Sky/SM_SkySphere.uasset" 341
"../../../../../../Users/corne/Documents/Unreal Projects/EvaTTS/Plugins/EvaTTSPlugin/Content/Maps/EvaTTS.umap" 342
